2021-09-02 15:19:21 INFO  ebanking:15 - Entered the url
  2021-09-02 15:19:21 INFO  ebanking:18 - Entered username
  2021-09-02 15:19:22 INFO  ebanking:20 - Entered password
  2021-09-02 15:19:23 INFO  ebanking:27 - Login test passed
  2021-09-03 12:07:39 INFO  ebanking:15 - Entered the url
  2021-09-03 12:07:40 INFO  ebanking:18 - Entered username
  2021-09-03 12:07:40 INFO  ebanking:20 - Entered password
  2021-09-03 12:07:42 INFO  ebanking:27 - Login test passed
  2021-09-03 15:20:40 INFO  ebanking:15 - Entered the url
  2021-09-03 15:20:41 INFO  ebanking:18 - Entered username
  2021-09-03 15:20:41 INFO  ebanking:20 - Entered password
  2021-09-03 15:20:43 INFO  ebanking:27 - Login test passed
  2021-09-03 15:43:01 INFO  ebanking:15 - Entered the url
  2021-09-03 15:43:03 INFO  ebanking:18 - Entered username
  2021-09-03 15:43:03 INFO  ebanking:20 - Entered password
  2021-09-03 15:43:07 INFO  ebanking:27 - Login test passed
  2021-09-03 15:45:20 INFO  ebanking:15 - Entered the url
  2021-09-03 15:45:21 INFO  ebanking:18 - Entered username
  2021-09-03 15:45:22 INFO  ebanking:20 - Entered password
  2021-09-03 15:45:26 INFO  ebanking:27 - Login test passed
  2021-09-04 11:22:58 INFO  ebanking:15 - Entered the url
  2021-09-04 11:22:59 INFO  ebanking:18 - Entered username
  2021-09-04 11:22:59 INFO  ebanking:20 - Entered password
  2021-09-04 11:23:02 INFO  ebanking:27 - Login test passed
  2021-09-06 11:43:21 INFO  ebanking:15 - Entered the url
  2021-09-06 11:43:24 INFO  ebanking:18 - Entered username
  2021-09-06 11:43:25 INFO  ebanking:20 - Entered password
  2021-09-06 11:43:28 INFO  ebanking:27 - Login test passed
  2021-09-06 12:37:43 INFO  ebanking:15 - Entered the url
  2021-09-06 12:37:44 INFO  ebanking:18 - Entered username
  2021-09-06 12:37:44 INFO  ebanking:20 - Entered password
  2021-09-06 12:37:48 INFO  ebanking:27 - Login test passed
  2021-09-06 12:46:54 INFO  ebanking:15 - Entered the url
  2021-09-06 12:46:54 INFO  ebanking:18 - Entered username
  2021-09-06 12:46:54 INFO  ebanking:20 - Entered password
  2021-09-06 12:46:56 INFO  ebanking:27 - Login test passed
  2021-09-06 12:49:23 INFO  ebanking:15 - Entered the url
  2021-09-06 12:49:24 INFO  ebanking:18 - Entered username
  2021-09-06 12:49:24 INFO  ebanking:20 - Entered password
  2021-09-06 12:49:28 INFO  ebanking:27 - Login test passed
  2021-09-06 13:05:31 INFO  ebanking:15 - Entered the url
  2021-09-06 13:05:31 INFO  ebanking:18 - Entered username
  2021-09-06 13:05:31 INFO  ebanking:20 - Entered password
  2021-09-06 13:05:33 INFO  ebanking:27 - Login test passed
  2021-09-06 13:09:02 INFO  ebanking:15 - Entered the url
  2021-09-06 13:09:02 INFO  ebanking:18 - Entered username
  2021-09-06 13:09:02 INFO  ebanking:20 - Entered password
  2021-09-06 13:09:04 INFO  ebanking:27 - Login test passed
  2021-09-06 13:17:10 INFO  ebanking:15 - Entered the url
  2021-09-06 13:17:10 INFO  ebanking:18 - Entered username
  2021-09-06 13:17:10 INFO  ebanking:20 - Entered password
  2021-09-06 13:17:12 INFO  ebanking:27 - Login test passed
  2021-09-06 15:02:45 INFO  ebanking:17 - Entered the url
  2021-09-06 15:02:48 INFO  ebanking:20 - Entered username
  2021-09-06 15:02:48 INFO  ebanking:22 - Entered password
  2021-09-07 16:37:15 INFO  ebanking:21 - username provided
  2021-09-07 16:37:15 INFO  ebanking:23 - password provided
  2021-09-07 16:37:22 INFO  ebanking:21 - username provided
  2021-09-07 16:37:22 INFO  ebanking:23 - password provided
  2021-09-07 16:37:27 INFO  ebanking:37 - login passed
  2021-09-07 16:37:33 INFO  ebanking:21 - username provided
  2021-09-07 16:37:33 INFO  ebanking:23 - password provided
  2021-09-07 16:37:38 INFO  ebanking:21 - username provided
  2021-09-07 16:37:38 INFO  ebanking:23 - password provided
  2021-09-07 16:37:42 INFO  ebanking:37 - login passed
  2021-09-07 16:37:48 INFO  ebanking:21 - username provided
  2021-09-07 16:37:48 INFO  ebanking:23 - password provided
  2021-09-08 16:00:41 INFO  ebanking:18 - User name is provided
  2021-09-08 16:00:41 INFO  ebanking:20 - Password is provided
  2021-09-08 16:02:20 INFO  ebanking:18 - User name is provided
  2021-09-08 16:02:20 INFO  ebanking:20 - Password is provided
  2021-09-08 16:07:50 INFO  ebanking:18 - User name is provided
  2021-09-08 16:07:50 INFO  ebanking:20 - Password is provided
  2021-09-08 16:08:00 INFO  ebanking:28 - providing customer details....
  2021-09-08 16:08:10 INFO  ebanking:48 - validation started....
  2021-09-08 16:08:10 INFO  ebanking:54 - test case passed....
  2021-09-08 16:12:52 INFO  ebanking:17 - Entered the url
  2021-09-08 16:12:53 INFO  ebanking:20 - Entered username
  2021-09-08 16:12:53 INFO  ebanking:22 - Entered password
  2021-09-08 16:13:14 INFO  ebanking:21 - username provided
  2021-09-08 16:13:14 INFO  ebanking:23 - password provided
  2021-09-08 16:13:20 INFO  ebanking:21 - username provided
  2021-09-08 16:13:20 INFO  ebanking:23 - password provided
  2021-09-08 16:13:26 INFO  ebanking:37 - login passed
  2021-09-08 16:13:32 INFO  ebanking:21 - username provided
  2021-09-08 16:13:32 INFO  ebanking:23 - password provided
  2021-09-08 16:13:38 INFO  ebanking:21 - username provided
  2021-09-08 16:13:38 INFO  ebanking:23 - password provided
  2021-09-08 16:13:42 INFO  ebanking:37 - login passed
  2021-09-08 16:13:48 INFO  ebanking:21 - username provided
  2021-09-08 16:13:48 INFO  ebanking:23 - password provided
  2021-09-08 16:14:06 INFO  ebanking:18 - User name is provided
  2021-09-08 16:14:06 INFO  ebanking:20 - Password is provided
  2021-09-08 16:14:14 INFO  ebanking:28 - providing customer details....
  2021-09-08 16:14:24 INFO  ebanking:48 - validation started....
  2021-09-08 16:17:57 INFO  ebanking:17 - Entered the url
  2021-09-08 16:17:59 INFO  ebanking:20 - Entered username
  2021-09-08 16:17:59 INFO  ebanking:22 - Entered password
  2021-09-08 16:18:01 INFO  ebanking:29 - Login test passed
  2021-09-08 16:20:39 INFO  ebanking:17 - Entered the url
  2021-09-08 16:20:39 INFO  ebanking:20 - Entered username
  2021-09-08 16:20:40 INFO  ebanking:22 - Entered password
  2021-09-08 16:20:41 INFO  ebanking:29 - Login test passed
  2021-09-08 16:21:00 INFO  ebanking:21 - username provided
  2021-09-08 16:21:01 INFO  ebanking:23 - password provided
  2021-09-08 16:21:07 INFO  ebanking:21 - username provided
  2021-09-08 16:21:07 INFO  ebanking:23 - password provided
  2021-09-08 16:21:12 INFO  ebanking:21 - username provided
  2021-09-08 16:21:12 INFO  ebanking:23 - password provided
  2021-09-08 16:21:35 INFO  ebanking:18 - User name is provided
  2021-09-08 16:21:35 INFO  ebanking:20 - Password is provided
  2021-09-08 16:21:43 INFO  ebanking:28 - providing customer details....
  2021-09-08 16:21:53 INFO  ebanking:48 - validation started....
  2021-09-08 16:21:53 INFO  ebanking:54 - test case passed....
  2021-11-02 08:20:38 INFO  ebanking:17 - Entered the url
  2021-11-02 08:20:38 INFO  ebanking:20 - Entered username
  2021-11-02 08:20:39 INFO  ebanking:22 - Entered password
  2021-11-02 08:20:48 INFO  ebanking:21 - username provided
  2021-11-02 08:20:48 INFO  ebanking:23 - password provided
  2021-11-02 08:20:53 INFO  ebanking:21 - username provided
  2021-11-02 08:20:54 INFO  ebanking:23 - password provided
  2021-11-02 08:20:59 INFO  ebanking:21 - username provided
  2021-11-02 08:20:59 INFO  ebanking:23 - password provided
  2021-11-02 08:21:04 INFO  ebanking:21 - username provided
  2021-11-02 08:21:04 INFO  ebanking:23 - password provided
  2021-11-02 08:21:09 INFO  ebanking:21 - username provided
  2021-11-02 08:21:09 INFO  ebanking:23 - password provided
  2021-11-02 08:21:21 INFO  ebanking:18 - User name is provided
  2021-11-02 08:21:22 INFO  ebanking:20 - Password is provided
  2021-11-02 08:26:24 INFO  ebanking:17 - Entered the url
  2021-11-02 08:26:25 INFO  ebanking:20 - Entered username
  2021-11-02 08:26:25 INFO  ebanking:22 - Entered password
  2021-11-02 08:26:34 INFO  ebanking:21 - username provided
  2021-11-02 08:26:34 INFO  ebanking:23 - password provided
  2021-11-02 08:26:39 INFO  ebanking:21 - username provided
  2021-11-02 08:26:40 INFO  ebanking:23 - password provided
  2021-11-02 08:26:45 INFO  ebanking:21 - username provided
  2021-11-02 08:26:45 INFO  ebanking:23 - password provided
  2021-11-02 08:26:50 INFO  ebanking:21 - username provided
  2021-11-02 08:26:50 INFO  ebanking:23 - password provided
  2021-11-02 08:26:55 INFO  ebanking:21 - username provided
  2021-11-02 08:26:55 INFO  ebanking:23 - password provided
  2021-11-02 08:27:07 INFO  ebanking:18 - User name is provided
  2021-11-02 08:27:07 INFO  ebanking:20 - Password is provided
  2021-11-02 08:30:05 INFO  ebanking:17 - Entered the url
  2021-11-02 08:30:05 INFO  ebanking:20 - Entered username
  2021-11-02 08:30:05 INFO  ebanking:22 - Entered password
  2021-11-02 08:30:13 INFO  ebanking:21 - username provided
  2021-11-02 08:30:13 INFO  ebanking:23 - password provided
  2021-11-02 08:30:18 INFO  ebanking:21 - username provided
  2021-11-02 08:30:18 INFO  ebanking:23 - password provided
  2021-11-02 08:30:23 INFO  ebanking:37 - login passed
  2021-11-02 08:30:28 INFO  ebanking:21 - username provided
  2021-11-02 08:30:28 INFO  ebanking:23 - password provided
  2021-11-02 08:30:33 INFO  ebanking:21 - username provided
  2021-11-02 08:30:33 INFO  ebanking:23 - password provided
  2021-11-02 08:30:38 INFO  ebanking:37 - login passed
  2021-11-02 08:30:44 INFO  ebanking:21 - username provided
  2021-11-02 08:30:44 INFO  ebanking:23 - password provided
  2021-11-02 08:30:56 INFO  ebanking:18 - User name is provided
  2021-11-02 08:30:56 INFO  ebanking:20 - Password is provided
  2021-11-03 07:08:48 INFO  ebanking:18 - User name is provided
  2021-11-03 07:08:48 INFO  ebanking:20 - Password is provided
  2021-11-03 07:09:04 INFO  ebanking:21 - username provided
  2021-11-03 07:09:04 INFO  ebanking:23 - password provided
  2021-11-03 07:09:09 INFO  ebanking:21 - username provided
  2021-11-03 07:09:09 INFO  ebanking:23 - password provided
  2021-11-03 07:09:14 INFO  ebanking:21 - username provided
  2021-11-03 07:09:15 INFO  ebanking:23 - password provided
  2021-11-03 07:09:27 INFO  ebanking:17 - Entered the url
  2021-11-03 07:09:27 INFO  ebanking:20 - Entered username
  2021-11-03 07:09:28 INFO  ebanking:22 - Entered password
  2021-11-03 07:34:08 INFO  ebanking:17 - Entered the url
  2021-11-03 07:34:08 INFO  ebanking:20 - Entered username
  2021-11-03 07:34:09 INFO  ebanking:22 - Entered password
  2021-11-03 07:34:17 INFO  ebanking:18 - User name is provided
  2021-11-03 07:34:18 INFO  ebanking:20 - Password is provided
  2021-11-03 07:37:40 INFO  ebanking:17 - Entered the url
  2021-11-03 07:37:40 INFO  ebanking:20 - Entered username
  2021-11-03 07:37:40 INFO  ebanking:22 - Entered password
  2021-11-03 07:37:49 INFO  ebanking:18 - User name is provided
  2021-11-03 07:37:49 INFO  ebanking:20 - Password is provided
  2021-11-03 07:44:30 INFO  ebanking:17 - Entered the url
  2021-11-03 07:44:31 INFO  ebanking:20 - Entered username
  2021-11-03 07:44:31 INFO  ebanking:22 - Entered password
  2021-11-03 07:44:39 INFO  ebanking:18 - User name is provided
  2021-11-03 07:44:39 INFO  ebanking:20 - Password is provided
  2021-11-03 07:48:18 INFO  ebanking:17 - Entered the url
  2021-11-03 07:48:19 INFO  ebanking:20 - Entered username
  2021-11-03 07:48:19 INFO  ebanking:22 - Entered password
  2021-11-03 07:48:20 INFO  ebanking:29 - Login test passed
  2021-11-03 07:48:28 INFO  ebanking:18 - User name is provided
  2021-11-03 07:48:28 INFO  ebanking:20 - Password is provided
  2021-11-03 07:48:35 INFO  ebanking:28 - providing customer details....
  2021-11-03 07:48:44 INFO  ebanking:48 - validation started....
  2021-11-03 07:48:44 INFO  ebanking:54 - test case passed....
  2021-11-03 07:49:32 INFO  ebanking:17 - Entered the url
  2021-11-03 07:49:32 INFO  ebanking:20 - Entered username
  2021-11-03 07:49:32 INFO  ebanking:22 - Entered password
  2021-11-03 07:49:34 INFO  ebanking:29 - Login test passed
  2021-11-03 07:49:42 INFO  ebanking:18 - User name is provided
  2021-11-03 07:49:42 INFO  ebanking:20 - Password is provided
  2021-11-03 07:49:49 INFO  ebanking:28 - providing customer details....
  2021-11-03 07:49:58 INFO  ebanking:48 - validation started....
  2021-11-03 07:49:58 INFO  ebanking:54 - test case passed....
  2021-11-03 10:00:57 INFO  ebanking:17 - Entered the url
  2021-11-03 10:00:58 INFO  ebanking:20 - Entered username
  2021-11-03 10:00:58 INFO  ebanking:22 - Entered password
  2021-11-03 10:00:59 INFO  ebanking:29 - Login test passed
  2021-11-03 10:01:08 INFO  ebanking:18 - User name is provided
  2021-11-03 10:01:08 INFO  ebanking:20 - Password is provided
  2021-11-03 10:01:15 INFO  ebanking:28 - providing customer details....
  2021-11-03 10:01:24 INFO  ebanking:48 - validation started....
  2021-11-03 10:01:24 INFO  ebanking:54 - test case passed....
  2021-11-03 10:18:49 INFO  ebanking:17 - Entered the url
  2021-11-03 10:18:49 INFO  ebanking:20 - Entered username
  2021-11-03 10:18:49 INFO  ebanking:22 - Entered password
  2021-11-03 10:18:51 INFO  ebanking:29 - Login test passed
  2021-11-03 10:18:58 INFO  ebanking:18 - User name is provided
  2021-11-03 10:18:59 INFO  ebanking:20 - Password is provided
  2021-11-03 10:19:06 INFO  ebanking:28 - providing customer details....
  2021-11-03 10:19:14 INFO  ebanking:48 - validation started....
  2021-11-03 10:20:44 INFO  ebanking:17 - Entered the url
  2021-11-03 10:20:44 INFO  ebanking:20 - Entered username
  2021-11-03 10:20:44 INFO  ebanking:22 - Entered password
  2021-11-03 10:20:46 INFO  ebanking:29 - Login test passed
  2021-11-03 10:20:54 INFO  ebanking:18 - User name is provided
  2021-11-03 10:20:54 INFO  ebanking:20 - Password is provided
  2021-11-03 10:21:01 INFO  ebanking:28 - providing customer details....
  2021-11-03 10:21:12 INFO  ebanking:48 - validation started....
  2021-11-03 10:21:12 INFO  ebanking:54 - test case passed....
  2021-11-03 10:30:45 INFO  ebanking:17 - Entered the url
  2021-11-03 10:30:45 INFO  ebanking:20 - Entered username
  2021-11-03 10:30:45 INFO  ebanking:22 - Entered password
  2021-11-03 10:30:47 INFO  ebanking:29 - Login test passed
  2021-11-03 10:30:53 INFO  ebanking:18 - User name is provided
  2021-11-03 10:30:53 INFO  ebanking:20 - Password is provided
  2021-11-03 10:31:00 INFO  ebanking:28 - providing customer details....
  2021-11-03 10:31:11 INFO  ebanking:48 - validation started....
  2021-11-03 10:31:11 INFO  ebanking:54 - test case passed....
  2021-11-03 11:06:19 INFO  ebanking:17 - Entered the url
  2021-11-03 11:06:19 INFO  ebanking:20 - Entered username
  2021-11-03 11:06:19 INFO  ebanking:22 - Entered password
  2021-11-03 11:06:21 INFO  ebanking:29 - Login test passed
  2021-11-03 11:06:28 INFO  ebanking:18 - User name is provided
  2021-11-03 11:06:28 INFO  ebanking:20 - Password is provided
  2021-11-03 11:06:36 INFO  ebanking:28 - providing customer details....
  2021-11-03 11:06:46 INFO  ebanking:48 - validation started....
  2021-11-03 11:06:46 INFO  ebanking:54 - test case passed....
  2021-11-08 19:45:25 INFO  ebanking:17 - Entered the url
  2021-11-08 19:45:25 INFO  ebanking:20 - Entered username
  2021-11-08 19:45:25 INFO  ebanking:22 - Entered password
  2021-11-08 19:45:27 INFO  ebanking:29 - Login test passed
  2021-11-08 19:45:32 INFO  ebanking:18 - User name is provided
  2021-11-08 19:45:32 INFO  ebanking:20 - Password is provided
  2021-11-08 19:45:39 INFO  ebanking:28 - providing customer details....
  2021-11-08 19:45:49 INFO  ebanking:48 - validation started....
  2021-11-20 19:23:27 INFO  ebanking:17 - Entered the url
  2021-11-20 19:23:27 INFO  ebanking:20 - Entered username
  2021-11-20 19:23:27 INFO  ebanking:22 - Entered password
  2021-11-20 19:23:28 INFO  ebanking:29 - Login test passed
  2021-11-20 19:23:32 INFO  ebanking:18 - User name is provided
  2021-11-20 19:23:32 INFO  ebanking:20 - Password is provided
  2021-11-20 19:23:39 INFO  ebanking:28 - providing customer details....
  2021-11-20 19:23:50 INFO  ebanking:48 - validation started....
  2021-11-20 19:23:50 INFO  ebanking:54 - test case passed....
  2021-11-20 23:11:08 INFO  ebanking:17 - Entered the url
  2021-11-20 23:11:08 INFO  ebanking:20 - Entered username
  2021-11-20 23:11:08 INFO  ebanking:22 - Entered password
  2021-11-20 23:11:10 INFO  ebanking:29 - Login test passed
  2021-11-20 23:11:15 INFO  ebanking:18 - User name is provided
  2021-11-20 23:11:15 INFO  ebanking:20 - Password is provided
  2021-11-20 23:11:22 INFO  ebanking:28 - providing customer details....
  2021-11-20 23:11:33 INFO  ebanking:48 - validation started....
  2021-11-20 23:11:33 INFO  ebanking:54 - test case passed....
  2021-11-20 23:12:01 INFO  ebanking:17 - Entered the url
  2021-11-20 23:12:01 INFO  ebanking:20 - Entered username
  2021-11-20 23:12:01 INFO  ebanking:22 - Entered password
  2021-11-20 23:12:03 INFO  ebanking:29 - Login test passed
  2021-11-20 23:12:07 INFO  ebanking:18 - User name is provided
  2021-11-20 23:12:08 INFO  ebanking:20 - Password is provided
  2021-11-20 23:12:15 INFO  ebanking:28 - providing customer details....
  2021-11-20 23:12:26 INFO  ebanking:48 - validation started....
  2021-11-20 23:12:26 INFO  ebanking:54 - test case passed....
  2021-11-25 18:55:11 INFO  ebanking:17 - Entered the url
  2021-11-25 18:55:12 INFO  ebanking:20 - Entered username
  2021-11-25 18:55:12 INFO  ebanking:22 - Entered password
  2021-11-25 18:55:20 INFO  ebanking:18 - User name is provided
  2021-11-25 18:55:21 INFO  ebanking:20 - Password is provided
  2021-11-25 19:00:33 INFO  ebanking:17 - Entered the url
  2021-11-25 19:00:34 INFO  ebanking:20 - Entered username
  2021-11-25 19:00:34 INFO  ebanking:22 - Entered password
  2021-11-25 19:00:40 INFO  ebanking:18 - User name is provided
  2021-11-25 19:00:41 INFO  ebanking:20 - Password is provided
  2021-11-25 19:03:16 INFO  ebanking:17 - Entered the url
  2021-11-25 19:03:17 INFO  ebanking:20 - Entered username
  2021-11-25 19:03:17 INFO  ebanking:22 - Entered password
  2021-11-25 19:03:25 INFO  ebanking:18 - User name is provided
  2021-11-25 19:03:25 INFO  ebanking:20 - Password is provided
  2021-11-25 19:04:24 INFO  ebanking:17 - Entered the url
  2021-11-25 19:04:25 INFO  ebanking:20 - Entered username
  2021-11-25 19:04:25 INFO  ebanking:22 - Entered password
  2021-11-25 19:04:33 INFO  ebanking:18 - User name is provided
  2021-11-25 19:04:34 INFO  ebanking:20 - Password is provided
  2021-11-25 19:10:19 INFO  ebanking:17 - Entered the url
  2021-11-25 19:10:19 INFO  ebanking:20 - Entered username
  2021-11-25 19:10:20 INFO  ebanking:22 - Entered password
  2021-11-25 19:10:21 INFO  ebanking:29 - Login test passed
  2021-11-25 19:10:28 INFO  ebanking:18 - User name is provided
  2021-11-25 19:10:28 INFO  ebanking:20 - Password is provided
  2021-11-25 19:10:35 INFO  ebanking:28 - providing customer details....
  2021-11-25 19:10:46 INFO  ebanking:48 - validation started....
  2021-11-25 19:10:46 INFO  ebanking:54 - test case passed....
  2021-11-25 19:11:33 INFO  ebanking:17 - Entered the url
  2021-11-25 19:11:33 INFO  ebanking:20 - Entered username
  2021-11-25 19:11:33 INFO  ebanking:22 - Entered password
  2021-11-25 19:11:35 INFO  ebanking:29 - Login test passed
  2021-11-25 19:11:43 INFO  ebanking:18 - User name is provided
  2021-11-25 19:11:43 INFO  ebanking:20 - Password is provided
  2021-11-25 19:11:50 INFO  ebanking:28 - providing customer details....
  2021-11-25 19:12:01 INFO  ebanking:48 - validation started....
  2021-11-25 19:12:01 INFO  ebanking:54 - test case passed....
  2021-12-06 18:12:30 INFO  ebanking:17 - Entered the url
  2021-12-06 18:12:30 INFO  ebanking:20 - Entered username
  2021-12-06 18:12:30 INFO  ebanking:22 - Entered password
  2021-12-06 18:12:32 INFO  ebanking:29 - Login test passed
  2021-12-06 18:12:35 INFO  ebanking:18 - User name is provided
  2021-12-06 18:12:35 INFO  ebanking:20 - Password is provided
  2021-12-06 18:12:42 INFO  ebanking:28 - providing customer details....
  2021-12-06 18:12:52 INFO  ebanking:48 - validation started....
  2021-12-06 18:12:53 INFO  ebanking:54 - test case passed....
  